<?xml version="1.0" encoding="UTF-8" standalone="yes"?>
<ns2:test-suite start="1518367459317" stop="1518367608186" version="1.5.4" xmlns:ns2="urn:model.allure.qatools.yandex.ru">
    <name>Walmart : Walmart Test</name>
    <title>Walmart : Walmart Test</title>
    <test-cases>
        <test-case start="1518367477805" stop="1518367481384" status="passed">
            <name>testRegistrationUser</name>
            <title>Testing registration user</title>
            <steps>
                <step start="1518367478124" stop="1518367478829" status="passed">
                    <name>enterCredentialsFirstName[firstName]</name>
                    <title>Input First Name</title>
                    <attachments/>
                    <steps/>
                </step>
                <step start="1518367478832" stop="1518367479330" status="passed">
                    <name>enterCredentialsLastName[lastName]</name>
                    <title>Input Last Name</title>
                    <attachments/>
                    <steps/>
                </step>
                <step start="1518367479331" stop="1518367480416" status="passed">
                    <name>enterCredentialsEmail[email]</name>
                    <title>Input Email</title>
                    <attachments/>
                    <steps/>
                </step>
                <step start="1518367480418" stop="1518367480978" status="passed">
                    <name>enterCredentialsPassword[password]</name>
                    <title>Input Password</title>
                    <attachments/>
                    <steps/>
                </step>
                <step start="1518367480979" stop="1518367481033" status="passed">
                    <name>setRememberMeCheckbox</name>
                    <title>Click checkbox RememberMe</title>
                    <attachments/>
                    <steps/>
                </step>
                <step start="1518367481034" stop="1518367481381" status="passed">
                    <name>clickLoginButton</name>
                    <title>Click on Create Account button</title>
                    <attachments/>
                    <steps/>
                </step>
            </steps>
            <attachments/>
            <labels>
                <label name="testSuite" value="Walmart"/>
                <label name="testGroup" value="Walmart Test"/>
                <label name="testClass" value="RegistrationTest"/>
                <label name="testMethod" value="testRegistrationUser"/>
                <label name="host" value="DESKTOP-CIQLQJH"/>
                <label name="thread" value="9772@DESKTOP-CIQLQJH.main(1)"/>
            </labels>
        </test-case>
        <test-case start="1518367481397" stop="1518367507634" status="failed">
            <name>testLoginUser</name>
            <title>Testing login user</title>
            <failure>
                <message>AssertionError: expected [true] but found [false]</message>
                <stack-trace>java.lang.AssertionError: expected [true] but found [false]
	at org.testng.Assert.fail(Assert.java:94)
	at org.testng.Assert.failNotEquals(Assert.java:513)
	at org.testng.Assert.assertTrue(Assert.java:42)
	at org.testng.Assert.assertTrue(Assert.java:52)
	at RegistrationTest.testLoginUser(RegistrationTest.java:48)
	at sun.reflect.NativeMethodAccessorImpl.invoke0(Native Method)
	at sun.reflect.NativeMethodAccessorImpl.invoke(NativeMethodAccessorImpl.java:62)
	at sun.reflect.DelegatingMethodAccessorImpl.invoke(DelegatingMethodAccessorImpl.java:43)
	at java.lang.reflect.Method.invoke(Method.java:498)
	at org.testng.internal.MethodInvocationHelper.invokeMethod(MethodInvocationHelper.java:86)
	at org.testng.internal.Invoker.invokeMethod(Invoker.java:643)
	at org.testng.internal.Invoker.invokeTestMethod(Invoker.java:820)
	at org.testng.internal.Invoker.invokeTestMethods(Invoker.java:1128)
	at org.testng.internal.TestMethodWorker.invokeTestMethods(TestMethodWorker.java:129)
	at org.testng.internal.TestMethodWorker.run(TestMethodWorker.java:112)
	at org.testng.TestRunner.privateRun(TestRunner.java:782)
	at org.testng.TestRunner.run(TestRunner.java:632)
	at org.testng.SuiteRunner.runTest(SuiteRunner.java:366)
	at org.testng.SuiteRunner.runSequentially(SuiteRunner.java:361)
	at org.testng.SuiteRunner.privateRun(SuiteRunner.java:319)
	at org.testng.SuiteRunner.run(SuiteRunner.java:268)
	at org.testng.SuiteRunnerWorker.runSuite(SuiteRunnerWorker.java:52)
	at org.testng.SuiteRunnerWorker.run(SuiteRunnerWorker.java:86)
	at org.testng.TestNG.runSuitesSequentially(TestNG.java:1244)
	at org.testng.TestNG.runSuitesLocally(TestNG.java:1169)
	at org.testng.TestNG.run(TestNG.java:1064)
	at org.apache.maven.surefire.testng.TestNGExecutor.run(TestNGExecutor.java:283)
	at org.apache.maven.surefire.testng.TestNGXmlTestSuite.execute(TestNGXmlTestSuite.java:75)
	at org.apache.maven.surefire.testng.TestNGProvider.invoke(TestNGProvider.java:120)
	at org.apache.maven.surefire.booter.ForkedBooter.invokeProviderInSameClassLoader(ForkedBooter.java:386)
	at org.apache.maven.surefire.booter.ForkedBooter.runSuitesInProcess(ForkedBooter.java:323)
	at org.apache.maven.surefire.booter.ForkedBooter.main(ForkedBooter.java:143)
</stack-trace>
            </failure>
            <steps>
                <step start="1518367490744" stop="1518367499824" status="passed">
                    <name>toggleSidebar</name>
                    <title>Click on sidebar button</title>
                </step>
                <step start="1518367504327" stop="1518367505534" status="passed">
                    <name>helloText</name>
                    <title>Get User text</title>
                </step>
            </steps>
            <attachments>
                <attachment title="Screen screenshot" source="973082bb-e07f-4fc6-ac86-f978f5a203c9-attachment.png" type="image/png"/>
            </attachments>
            <labels>
                <label name="testSuite" value="Walmart"/>
                <label name="testGroup" value="Walmart Test"/>
                <label name="testClass" value="RegistrationTest"/>
                <label name="testMethod" value="testLoginUser"/>
                <label name="host" value="DESKTOP-CIQLQJH"/>
                <label name="thread" value="9772@DESKTOP-CIQLQJH.main(1)"/>
            </labels>
        </test-case>
        <test-case start="1518367507741" stop="1518367513543" status="passed">
            <name>testLogoutUser</name>
            <title>Testing logout user</title>
            <steps>
                <step start="1518367507746" stop="1518367508258" status="passed">
                    <name>clickMenuButton</name>
                    <title>Show admin menu</title>
                    <attachments/>
                    <steps/>
                </step>
                <step start="1518367508664" stop="1518367513360" status="passed">
                    <name>clickLogoutButton</name>
                    <title>Click on logout button</title>
                    <attachments/>
                    <steps/>
                </step>
                <step start="1518367513404" stop="1518367513543" status="passed">
                    <name>forgotText</name>
                    <title>Get Forgot your password text</title>
                    <attachments/>
                    <steps/>
                </step>
            </steps>
            <attachments/>
            <labels>
                <label name="testSuite" value="Walmart"/>
                <label name="testGroup" value="Walmart Test"/>
                <label name="testClass" value="RegistrationTest"/>
                <label name="testMethod" value="testLogoutUser"/>
                <label name="host" value="DESKTOP-CIQLQJH"/>
                <label name="thread" value="9772@DESKTOP-CIQLQJH.main(1)"/>
            </labels>
        </test-case>
        <test-case start="1518367513546" stop="1518367516477" status="passed">
            <name>testResetPassword</name>
            <title>Testing Forgot your password button</title>
            <steps>
                <step start="1518367513548" stop="1518367513808" status="passed">
                    <name>forgotPasswordLink</name>
                    <title>Click on forgot password link</title>
                    <attachments/>
                    <steps/>
                </step>
                <step start="1518367513827" stop="1518367514001" status="passed">
                    <name>clickResetButton</name>
                    <title>Click on reset button</title>
                    <attachments/>
                    <steps/>
                </step>
                <step start="1518367514002" stop="1518367514067" status="passed">
                    <name>resetTextFalse</name>
                    <title>Get Forgot your password text false</title>
                    <attachments/>
                    <steps/>
                </step>
                <step start="1518367514069" stop="1518367516068" status="passed">
                    <name>enterCredentialsEmail[email]</name>
                    <title>Input Email</title>
                    <attachments/>
                    <steps/>
                </step>
                <step start="1518367516070" stop="1518367516392" status="passed">
                    <name>clickResetButton</name>
                    <title>Click on reset button</title>
                    <attachments/>
                    <steps/>
                </step>
                <step start="1518367516396" stop="1518367516477" status="passed">
                    <name>resetTextTrue</name>
                    <title>Get Forgot your password text true</title>
                    <attachments/>
                    <steps/>
                </step>
            </steps>
            <attachments/>
            <labels>
                <label name="testSuite" value="Walmart"/>
                <label name="testGroup" value="Walmart Test"/>
                <label name="testClass" value="RegistrationTest"/>
                <label name="testMethod" value="testResetPassword"/>
                <label name="host" value="DESKTOP-CIQLQJH"/>
                <label name="thread" value="9772@DESKTOP-CIQLQJH.main(1)"/>
            </labels>
        </test-case>
        <test-case start="1518367528328" stop="1518367534473" status="passed">
            <name>testFirstNameValidation</name>
            <title>Testing First name validation</title>
            <steps>
                <step start="1518367528512" stop="1518367528756" status="passed">
                    <name>clickLoginButton</name>
                    <title>Click on Create Account button</title>
                    <attachments/>
                    <steps/>
                </step>
                <step start="1518367528758" stop="1518367528873" status="passed">
                    <name>firstNameValidation</name>
                    <title>Check the first name field by all the invalid first name</title>
                    <attachments/>
                    <steps/>
                </step>
                <step start="1518367530229" stop="1518367530426" status="passed">
                    <name>clickLoginButton</name>
                    <title>Click on Create Account button</title>
                    <attachments/>
                    <steps/>
                </step>
                <step start="1518367530428" stop="1518367530491" status="passed">
                    <name>firstNameValidation</name>
                    <title>Check the first name field by all the invalid first name</title>
                    <attachments/>
                    <steps/>
                </step>
                <step start="1518367530991" stop="1518367531213" status="passed">
                    <name>clickLoginButton</name>
                    <title>Click on Create Account button</title>
                    <attachments/>
                    <steps/>
                </step>
                <step start="1518367531214" stop="1518367531253" status="passed">
                    <name>firstNameValidation</name>
                    <title>Check the first name field by all the invalid first name</title>
                    <attachments/>
                    <steps/>
                </step>
                <step start="1518367532046" stop="1518367532229" status="passed">
                    <name>clickLoginButton</name>
                    <title>Click on Create Account button</title>
                    <attachments/>
                    <steps/>
                </step>
                <step start="1518367532230" stop="1518367532274" status="passed">
                    <name>firstNameValidation</name>
                    <title>Check the first name field by all the invalid first name</title>
                    <attachments/>
                    <steps/>
                </step>
                <step start="1518367534237" stop="1518367534428" status="passed">
                    <name>clickLoginButton</name>
                    <title>Click on Create Account button</title>
                    <attachments/>
                    <steps/>
                </step>
                <step start="1518367534430" stop="1518367534472" status="passed">
                    <name>firstNameValidation</name>
                    <title>Check the first name field by all the invalid first name</title>
                    <attachments/>
                    <steps/>
                </step>
            </steps>
            <attachments/>
            <labels>
                <label name="testSuite" value="Walmart"/>
                <label name="testGroup" value="Walmart Test"/>
                <label name="testClass" value="First_name_validationTest"/>
                <label name="testMethod" value="testFirstNameValidation"/>
                <label name="host" value="DESKTOP-CIQLQJH"/>
                <label name="thread" value="9772@DESKTOP-CIQLQJH.main(1)"/>
            </labels>
        </test-case>
        <test-case start="1518367545641" stop="1518367551416" status="passed">
            <name>testLastNameValidation</name>
            <title>Testing Last name validation</title>
            <steps>
                <step start="1518367545806" stop="1518367546066" status="passed">
                    <name>clickLoginButton</name>
                    <title>Click on Create Account button</title>
                    <attachments/>
                    <steps/>
                </step>
                <step start="1518367546068" stop="1518367546145" status="passed">
                    <name>lastNameValidation</name>
                    <title>Check the last name field by all the invalid last name</title>
                    <attachments/>
                    <steps/>
                </step>
                <step start="1518367547599" stop="1518367547807" status="passed">
                    <name>clickLoginButton</name>
                    <title>Click on Create Account button</title>
                    <attachments/>
                    <steps/>
                </step>
                <step start="1518367547808" stop="1518367547853" status="passed">
                    <name>lastNameValidation</name>
                    <title>Check the last name field by all the invalid last name</title>
                    <attachments/>
                    <steps/>
                </step>
                <step start="1518367548346" stop="1518367548556" status="passed">
                    <name>clickLoginButton</name>
                    <title>Click on Create Account button</title>
                    <attachments/>
                    <steps/>
                </step>
                <step start="1518367548557" stop="1518367548627" status="passed">
                    <name>lastNameValidation</name>
                    <title>Check the last name field by all the invalid last name</title>
                    <attachments/>
                    <steps/>
                </step>
                <step start="1518367549435" stop="1518367549667" status="passed">
                    <name>clickLoginButton</name>
                    <title>Click on Create Account button</title>
                    <attachments/>
                    <steps/>
                </step>
                <step start="1518367549671" stop="1518367549725" status="passed">
                    <name>lastNameValidation</name>
                    <title>Check the last name field by all the invalid last name</title>
                    <attachments/>
                    <steps/>
                </step>
                <step start="1518367551190" stop="1518367551369" status="passed">
                    <name>clickLoginButton</name>
                    <title>Click on Create Account button</title>
                    <attachments/>
                    <steps/>
                </step>
                <step start="1518367551370" stop="1518367551416" status="passed">
                    <name>lastNameValidation</name>
                    <title>Check the last name field by all the invalid last name</title>
                    <attachments/>
                    <steps/>
                </step>
            </steps>
            <attachments/>
            <labels>
                <label name="testSuite" value="Walmart"/>
                <label name="testGroup" value="Walmart Test"/>
                <label name="testClass" value="Last_name_validationTest"/>
                <label name="testMethod" value="testLastNameValidation"/>
                <label name="host" value="DESKTOP-CIQLQJH"/>
                <label name="thread" value="9772@DESKTOP-CIQLQJH.main(1)"/>
            </labels>
        </test-case>
        <test-case start="1518367562003" stop="1518367568232" status="broken">
            <name>testEmailValidation</name>
            <title>Testing Email validation</title>
            <failure>
                <message>NoSuchElementException: no such element: Unable to locate element: {"method":"class name","selector":"validation-marker-success"}
  (Session info: chrome=63.0.3239.132)
  (Driver info: chromedriver=2.33.506120 (e3e53437346286c0bc2d2dc9aa4915ba81d9023f),platform=Windows NT 10.0.16299 x86_64) (WARNING: The server did not provide any stacktrace information)
Command duration or timeout: 28 milliseconds
For documentation on this error, please visit: http://seleniumhq.org/exceptions/no_such_element.html
Build info: version: '3.4.0', revision: 'unknown', time: 'unknown'
System info: host: 'DESKTOP-CIQLQJH', ip: '192.168.0.102', os.name: 'Windows 10', os.arch: 'amd64', os.version: '10.0', java.version: '1.8.0_151'
Driver info: org.openqa.selenium.remote.RemoteWebDriver
Capabilities [{applicationCacheEnabled=false, rotatable=false, mobileEmulationEnabled=false, networkConnectionEnabled=false, chrome={chromedriverVersion=2.33.506120 (e3e53437346286c0bc2d2dc9aa4915ba81d9023f), userDataDir=C:\Users\spart\AppData\Local\Temp\scoped_dir10296_7607}, takesHeapSnapshot=true, pageLoadStrategy=normal, databaseEnabled=false, handlesAlerts=true, hasTouchScreen=false, version=63.0.3239.132, platform=XP, browserConnectionEnabled=false, nativeEvents=true, acceptSslCerts=true, locationContextEnabled=true, webStorageEnabled=true, browserName=chrome, takesScreenshot=true, javascriptEnabled=true, cssSelectorsEnabled=true, setWindowRect=true, unexpectedAlertBehaviour=}]
Session ID: 4ed34b9891f07d15b302157e873aea5f
*** Element info: {Using=class name, value=validation-marker-success}</message>
                <stack-trace>org.openqa.selenium.NoSuchElementException: no such element: Unable to locate element: {"method":"class name","selector":"validation-marker-success"}
  (Session info: chrome=63.0.3239.132)
  (Driver info: chromedriver=2.33.506120 (e3e53437346286c0bc2d2dc9aa4915ba81d9023f),platform=Windows NT 10.0.16299 x86_64) (WARNING: The server did not provide any stacktrace information)
Command duration or timeout: 28 milliseconds
For documentation on this error, please visit: http://seleniumhq.org/exceptions/no_such_element.html
Build info: version: '3.4.0', revision: 'unknown', time: 'unknown'
System info: host: 'DESKTOP-CIQLQJH', ip: '192.168.0.102', os.name: 'Windows 10', os.arch: 'amd64', os.version: '10.0', java.version: '1.8.0_151'
Driver info: org.openqa.selenium.remote.RemoteWebDriver
Capabilities [{applicationCacheEnabled=false, rotatable=false, mobileEmulationEnabled=false, networkConnectionEnabled=false, chrome={chromedriverVersion=2.33.506120 (e3e53437346286c0bc2d2dc9aa4915ba81d9023f), userDataDir=C:\Users\spart\AppData\Local\Temp\scoped_dir10296_7607}, takesHeapSnapshot=true, pageLoadStrategy=normal, databaseEnabled=false, handlesAlerts=true, hasTouchScreen=false, version=63.0.3239.132, platform=XP, browserConnectionEnabled=false, nativeEvents=true, acceptSslCerts=true, locationContextEnabled=true, webStorageEnabled=true, browserName=chrome, takesScreenshot=true, javascriptEnabled=true, cssSelectorsEnabled=true, setWindowRect=true, unexpectedAlertBehaviour=}]
Session ID: 4ed34b9891f07d15b302157e873aea5f
*** Element info: {Using=class name, value=validation-marker-success}
	at sun.reflect.NativeConstructorAccessorImpl.newInstance0(Native Method)
	at sun.reflect.NativeConstructorAccessorImpl.newInstance(NativeConstructorAccessorImpl.java:62)
	at sun.reflect.DelegatingConstructorAccessorImpl.newInstance(DelegatingConstructorAccessorImpl.java:45)
	at java.lang.reflect.Constructor.newInstance(Constructor.java:423)
	at org.openqa.selenium.remote.ErrorHandler.createThrowable(ErrorHandler.java:215)
	at org.openqa.selenium.remote.ErrorHandler.throwIfResponseFailed(ErrorHandler.java:167)
	at org.openqa.selenium.remote.RemoteWebDriver.execute(RemoteWebDriver.java:671)
	at org.openqa.selenium.remote.RemoteWebDriver.findElement(RemoteWebDriver.java:410)
	at org.openqa.selenium.remote.RemoteWebDriver.findElementByClassName(RemoteWebDriver.java:493)
	at org.openqa.selenium.By$ByClassName.findElement(By.java:391)
	at org.openqa.selenium.remote.RemoteWebDriver.findElement(RemoteWebDriver.java:402)
	at org.openqa.selenium.support.pagefactory.DefaultElementLocator.findElement(DefaultElementLocator.java:69)
	at org.openqa.selenium.support.pagefactory.internal.LocatingElementHandler.invoke(LocatingElementHandler.java:38)
	at com.sun.proxy.$Proxy8.isDisplayed(Unknown Source)
	at pages.SignupPage.emailMarkerSuccess(SignupPage.java:154)
	at Email_validationTest.testEmailValidation(Email_validationTest.java:47)
	at sun.reflect.NativeMethodAccessorImpl.invoke0(Native Method)
	at sun.reflect.NativeMethodAccessorImpl.invoke(NativeMethodAccessorImpl.java:62)
	at sun.reflect.DelegatingMethodAccessorImpl.invoke(DelegatingMethodAccessorImpl.java:43)
	at java.lang.reflect.Method.invoke(Method.java:498)
	at org.testng.internal.MethodInvocationHelper.invokeMethod(MethodInvocationHelper.java:86)
	at org.testng.internal.Invoker.invokeMethod(Invoker.java:643)
	at org.testng.internal.Invoker.invokeTestMethod(Invoker.java:820)
	at org.testng.internal.Invoker.invokeTestMethods(Invoker.java:1128)
	at org.testng.internal.TestMethodWorker.invokeTestMethods(TestMethodWorker.java:129)
	at org.testng.internal.TestMethodWorker.run(TestMethodWorker.java:112)
	at org.testng.TestRunner.privateRun(TestRunner.java:782)
	at org.testng.TestRunner.run(TestRunner.java:632)
	at org.testng.SuiteRunner.runTest(SuiteRunner.java:366)
	at org.testng.SuiteRunner.runSequentially(SuiteRunner.java:361)
	at org.testng.SuiteRunner.privateRun(SuiteRunner.java:319)
	at org.testng.SuiteRunner.run(SuiteRunner.java:268)
	at org.testng.SuiteRunnerWorker.runSuite(SuiteRunnerWorker.java:52)
	at org.testng.SuiteRunnerWorker.run(SuiteRunnerWorker.java:86)
	at org.testng.TestNG.runSuitesSequentially(TestNG.java:1244)
	at org.testng.TestNG.runSuitesLocally(TestNG.java:1169)
	at org.testng.TestNG.run(TestNG.java:1064)
	at org.apache.maven.surefire.testng.TestNGExecutor.run(TestNGExecutor.java:283)
	at org.apache.maven.surefire.testng.TestNGXmlTestSuite.execute(TestNGXmlTestSuite.java:75)
	at org.apache.maven.surefire.testng.TestNGProvider.invoke(TestNGProvider.java:120)
	at org.apache.maven.surefire.booter.ForkedBooter.invokeProviderInSameClassLoader(ForkedBooter.java:386)
	at org.apache.maven.surefire.booter.ForkedBooter.runSuitesInProcess(ForkedBooter.java:323)
	at org.apache.maven.surefire.booter.ForkedBooter.main(ForkedBooter.java:143)
</stack-trace>
            </failure>
            <steps>
                <step start="1518367562158" stop="1518367562411" status="passed">
                    <name>clickLoginButton</name>
                    <title>Click on Create Account button</title>
                </step>
                <step start="1518367562412" stop="1518367562494" status="passed">
                    <name>emailValidation</name>
                    <title>Check the Email field by all the invalid emails</title>
                </step>
                <step start="1518367563250" stop="1518367563420" status="passed">
                    <name>clickLoginButton</name>
                    <title>Click on Create Account button</title>
                </step>
                <step start="1518367563421" stop="1518367563463" status="passed">
                    <name>emailValidation</name>
                    <title>Check the Email field by all the invalid emails</title>
                </step>
                <step start="1518367564408" stop="1518367564634" status="passed">
                    <name>clickLoginButton</name>
                    <title>Click on Create Account button</title>
                </step>
                <step start="1518367564635" stop="1518367564682" status="passed">
                    <name>emailValidation</name>
                    <title>Check the Email field by all the invalid emails</title>
                </step>
                <step start="1518367565903" stop="1518367566103" status="passed">
                    <name>clickLoginButton</name>
                    <title>Click on Create Account button</title>
                </step>
                <step start="1518367566104" stop="1518367566136" status="passed">
                    <name>emailValidation</name>
                    <title>Check the Email field by all the invalid emails</title>
                </step>
                <step start="1518367567008" stop="1518367567180" status="passed">
                    <name>clickLoginButton</name>
                    <title>Click on Create Account button</title>
                </step>
                <step start="1518367567181" stop="1518367567213" status="passed">
                    <name>emailValidation</name>
                    <title>Check the Email field by all the invalid emails</title>
                </step>
                <step start="1518367567761" stop="1518367567798" status="broken">
                    <name>emailMarkerSuccess</name>
                    <title>Check the Email field by valid emails</title>
                </step>
            </steps>
            <attachments>
                <attachment title="Screen screenshot" source="fb4d4b3f-503d-4624-87ea-a304e6b6aac7-attachment.png" type="image/png"/>
            </attachments>
            <labels>
                <label name="testSuite" value="Walmart"/>
                <label name="testGroup" value="Walmart Test"/>
                <label name="testClass" value="Email_validationTest"/>
                <label name="testMethod" value="testEmailValidation"/>
                <label name="host" value="DESKTOP-CIQLQJH"/>
                <label name="thread" value="9772@DESKTOP-CIQLQJH.main(1)"/>
            </labels>
        </test-case>
        <test-case start="1518367579160" stop="1518367583149" status="passed">
            <name>testPasswordValidation</name>
            <title>Testing Password validation</title>
            <steps>
                <step start="1518367579346" stop="1518367579672" status="passed">
                    <name>clickLoginButton</name>
                    <title>Click on Create Account button</title>
                    <attachments/>
                    <steps/>
                </step>
                <step start="1518367579673" stop="1518367579746" status="passed">
                    <name>passwordValidation</name>
                    <title>Check the Password field by all the invalid password</title>
                    <attachments/>
                    <steps/>
                </step>
                <step start="1518367580214" stop="1518367580464" status="passed">
                    <name>clickLoginButton</name>
                    <title>Click on Create Account button</title>
                    <attachments/>
                    <steps/>
                </step>
                <step start="1518367580465" stop="1518367580499" status="passed">
                    <name>passwordValidation</name>
                    <title>Check the Password field by all the invalid password</title>
                    <attachments/>
                    <steps/>
                </step>
                <step start="1518367581180" stop="1518367581446" status="passed">
                    <name>clickLoginButton</name>
                    <title>Click on Create Account button</title>
                    <attachments/>
                    <steps/>
                </step>
                <step start="1518367581447" stop="1518367581492" status="passed">
                    <name>passwordValidation</name>
                    <title>Check the Password field by all the invalid password</title>
                    <attachments/>
                    <steps/>
                </step>
                <step start="1518367582023" stop="1518367582273" status="passed">
                    <name>clickLoginButton</name>
                    <title>Click on Create Account button</title>
                    <attachments/>
                    <steps/>
                </step>
                <step start="1518367582274" stop="1518367582379" status="passed">
                    <name>passwordValidation</name>
                    <title>Check the Password field by all the invalid password</title>
                    <attachments/>
                    <steps/>
                </step>
                <step start="1518367583081" stop="1518367583148" status="passed">
                    <name>passwordMarkerSuccess</name>
                    <title>Check the password field by valid emails</title>
                    <attachments/>
                    <steps/>
                </step>
            </steps>
            <attachments/>
            <labels>
                <label name="testSuite" value="Walmart"/>
                <label name="testGroup" value="Walmart Test"/>
                <label name="testClass" value="Password_validationTest"/>
                <label name="testMethod" value="testPasswordValidation"/>
                <label name="host" value="DESKTOP-CIQLQJH"/>
                <label name="thread" value="9772@DESKTOP-CIQLQJH.main(1)"/>
            </labels>
        </test-case>
        <test-case start="1518367595451" stop="1518367607596" status="passed">
            <name>testRedirect</name>
            <title>Testing Redirect</title>
            <steps>
                <step start="1518367595453" stop="1518367595759" status="passed">
                    <name>TermsofUseLink</name>
                    <title>Click on TermsofUseLink link</title>
                    <attachments/>
                    <steps/>
                </step>
                <step start="1518367601613" stop="1518367602759" status="passed">
                    <name>PrivacyPolicyLink</name>
                    <title>Click on PrivacyPolicyLink link</title>
                    <attachments/>
                    <steps/>
                </step>
            </steps>
            <attachments/>
            <labels>
                <label name="testSuite" value="Walmart"/>
                <label name="testGroup" value="Walmart Test"/>
                <label name="testClass" value="RedirectTest"/>
                <label name="testMethod" value="testRedirect"/>
                <label name="host" value="DESKTOP-CIQLQJH"/>
                <label name="thread" value="9772@DESKTOP-CIQLQJH.main(1)"/>
            </labels>
        </test-case>
    </test-cases>
    <labels>
        <label name="framework" value="TestNG"/>
        <label name="language" value="JAVA"/>
    </labels>
</ns2:test-suite>
