{
  "uid" : "4b4757e66a1912dae1a509f688f20b0f",
  "name" : "categories",
  "children" : [ {
    "name" : "Product defects",
    "children" : [ {
      "name" : "AssertionError: expected [true] but found [false]",
      "children" : [ {
        "name" : "Testing login user",
        "uid" : "d1cb0335facbdf",
        "parentUid" : "dd4e5496f22cca2b5bdff226b930a607",
        "status" : "failed",
        "time" : {
          "start" : 1518367481397,
          "stop" : 1518367507634,
          "duration" : 26237
        },
        "flaky" : false,
        "parameters" : [ ]
      } ],
      "uid" : "dd4e5496f22cca2b5bdff226b930a607"
    } ],
    "uid" : "8fb3a91ba5aaf9de24cc8a92edc82b5d"
  }, {
    "name" : "Test defects",
    "children" : [ {
      "name" : "NoSuchElementException: no such element: Unable to locate element: {\"method\":\"class name\",\"selector\":\"validation-marker-success\"}\n  (Session info: chrome=63.0.3239.132)\n  (Driver info: chromedriver=2.33.506120 (e3e53437346286c0bc2d2dc9aa4915ba81d9023f),platform=Windows NT 10.0.16299 x86_64) (WARNING: The server did not provide any stacktrace information)\nCommand duration or timeout: 28 milliseconds\nFor documentation on this error, please visit: http://seleniumhq.org/exceptions/no_such_element.html\nBuild info: version: '3.4.0', revision: 'unknown', time: 'unknown'\nSystem info: host: 'DESKTOP-CIQLQJH', ip: '192.168.0.102', os.name: 'Windows 10', os.arch: 'amd64', os.version: '10.0', java.version: '1.8.0_151'\nDriver info: org.openqa.selenium.remote.RemoteWebDriver\nCapabilities [{applicationCacheEnabled=false, rotatable=false, mobileEmulationEnabled=false, networkConnectionEnabled=false, chrome={chromedriverVersion=2.33.506120 (e3e53437346286c0bc2d2dc9aa4915ba81d9023f), userDataDir=C:\\Users\\spart\\AppData\\Local\\Temp\\scoped_dir10296_7607}, takesHeapSnapshot=true, pageLoadStrategy=normal, databaseEnabled=false, handlesAlerts=true, hasTouchScreen=false, version=63.0.3239.132, platform=XP, browserConnectionEnabled=false, nativeEvents=true, acceptSslCerts=true, locationContextEnabled=true, webStorageEnabled=true, browserName=chrome, takesScreenshot=true, javascriptEnabled=true, cssSelectorsEnabled=true, setWindowRect=true, unexpectedAlertBehaviour=}]\nSession ID: 4ed34b9891f07d15b302157e873aea5f\n*** Element info: {Using=class name, value=validation-marker-success}",
      "children" : [ {
        "name" : "Testing Email validation",
        "uid" : "938e86591a46e58b",
        "parentUid" : "e63a7c9a2dc4daa774db05d88775c650",
        "status" : "broken",
        "time" : {
          "start" : 1518367562003,
          "stop" : 1518367568232,
          "duration" : 6229
        },
        "flaky" : false,
        "parameters" : [ ]
      } ],
      "uid" : "e63a7c9a2dc4daa774db05d88775c650"
    } ],
    "uid" : "bdbf199525818fae7a8651db9eafe741"
  } ]
}